2025-07-21 17:48:08,523 - data_ingestion - INFO - Created sample data file: data\sample_movies.json
2025-07-21 17:48:08,523 - data_ingestion - INFO - Fetching 50 pages from TMDB API...
2025-07-21 17:48:08,768 - urllib3.connectionpool - WARNING - Retrying (Retry(total=9, connect=None, read=None, redirect=None, status=None)) after connection broken by 'ConnectionResetError(10054, 'An existing connection was forcibly closed by the remote host', None, 10054, None)': /3/genre/movie/list?api_key=e835a4cfc2ffd54fedcfc4d94f80b4fe
2025-07-21 17:48:09,188 - data_ingestion - INFO - Fetching page 1/50...
2025-07-21 17:48:09,345 - data_ingestion - INFO -   Page 1 status: 200, time: 0.15s
2025-07-21 17:48:09,346 - data_ingestion - INFO -   Added 20 movies from page 1
2025-07-21 17:48:09,946 - data_ingestion - INFO - Fetching page 2/50...
2025-07-21 17:48:10,104 - data_ingestion - INFO -   Page 2 status: 200, time: 0.15s
2025-07-21 17:48:10,105 - data_ingestion - INFO -   Added 20 movies from page 2
2025-07-21 17:48:10,805 - data_ingestion - INFO - Fetching page 3/50...
2025-07-21 17:48:10,963 - data_ingestion - INFO -   Page 3 status: 200, time: 0.16s
2025-07-21 17:48:10,964 - data_ingestion - INFO -   Added 20 movies from page 3
2025-07-21 17:48:11,764 - data_ingestion - INFO - Fetching page 4/50...
2025-07-21 17:48:11,920 - data_ingestion - INFO -   Page 4 status: 200, time: 0.16s
2025-07-21 17:48:11,920 - data_ingestion - INFO -   Added 20 movies from page 4
2025-07-21 17:48:12,821 - data_ingestion - INFO - Fetching page 5/50...
2025-07-21 17:48:12,974 - data_ingestion - INFO -   Page 5 status: 200, time: 0.15s
2025-07-21 17:48:12,975 - data_ingestion - INFO -   Added 20 movies from page 5
2025-07-21 17:48:13,975 - data_ingestion - INFO - Fetching page 6/50...
2025-07-21 17:48:14,132 - data_ingestion - INFO -   Page 6 status: 200, time: 0.15s
2025-07-21 17:48:14,133 - data_ingestion - INFO -   Added 20 movies from page 6
2025-07-21 17:48:15,233 - data_ingestion - INFO - Fetching page 7/50...
2025-07-21 17:48:15,393 - data_ingestion - INFO -   Page 7 status: 200, time: 0.15s
2025-07-21 17:48:15,394 - data_ingestion - INFO -   Added 20 movies from page 7
2025-07-21 17:48:16,594 - data_ingestion - INFO - Fetching page 8/50...
2025-07-21 17:48:16,751 - data_ingestion - INFO -   Page 8 status: 200, time: 0.15s
2025-07-21 17:48:16,752 - data_ingestion - INFO -   Added 20 movies from page 8
2025-07-21 17:48:18,052 - data_ingestion - INFO - Fetching page 9/50...
2025-07-21 17:48:18,206 - data_ingestion - INFO -   Page 9 status: 200, time: 0.15s
2025-07-21 17:48:18,207 - data_ingestion - INFO -   Added 20 movies from page 9
2025-07-21 17:48:19,607 - data_ingestion - INFO - Fetching page 10/50...
2025-07-21 17:48:19,765 - data_ingestion - INFO -   Page 10 status: 200, time: 0.15s
2025-07-21 17:48:19,766 - data_ingestion - INFO -   Added 20 movies from page 10
2025-07-21 17:48:20,266 - data_ingestion - INFO - Fetching page 11/50...
2025-07-21 17:48:20,418 - data_ingestion - INFO -   Page 11 status: 200, time: 0.15s
2025-07-21 17:48:20,418 - data_ingestion - INFO -   Added 20 movies from page 11
2025-07-21 17:48:21,019 - data_ingestion - INFO - Fetching page 12/50...
2025-07-21 17:48:21,178 - data_ingestion - INFO -   Page 12 status: 200, time: 0.16s
2025-07-21 17:48:21,178 - data_ingestion - INFO -   Added 20 movies from page 12
2025-07-21 17:48:21,879 - data_ingestion - INFO - Fetching page 13/50...
2025-07-21 17:48:22,033 - data_ingestion - INFO -   Page 13 status: 200, time: 0.15s
2025-07-21 17:48:22,033 - data_ingestion - INFO -   Added 20 movies from page 13
2025-07-21 17:48:22,834 - data_ingestion - INFO - Fetching page 14/50...
2025-07-21 17:48:22,990 - data_ingestion - INFO -   Page 14 status: 200, time: 0.15s
2025-07-21 17:48:22,990 - data_ingestion - INFO -   Added 20 movies from page 14
2025-07-21 17:48:23,891 - data_ingestion - INFO - Fetching page 15/50...
2025-07-21 17:48:24,054 - data_ingestion - INFO -   Page 15 status: 200, time: 0.15s
2025-07-21 17:48:24,054 - data_ingestion - INFO -   Added 20 movies from page 15
2025-07-21 17:48:25,054 - data_ingestion - INFO - Fetching page 16/50...
2025-07-21 17:48:25,214 - data_ingestion - INFO -   Page 16 status: 200, time: 0.16s
2025-07-21 17:48:25,215 - data_ingestion - INFO -   Added 20 movies from page 16
2025-07-21 17:48:26,315 - data_ingestion - INFO - Fetching page 17/50...
2025-07-21 17:48:26,477 - data_ingestion - INFO -   Page 17 status: 200, time: 0.15s
2025-07-21 17:48:26,478 - data_ingestion - INFO -   Added 20 movies from page 17
2025-07-21 17:48:27,678 - data_ingestion - INFO - Fetching page 18/50...
2025-07-21 17:48:27,833 - data_ingestion - INFO -   Page 18 status: 200, time: 0.15s
2025-07-21 17:48:27,834 - data_ingestion - INFO -   Added 20 movies from page 18
2025-07-21 17:48:29,134 - data_ingestion - INFO - Fetching page 19/50...
2025-07-21 17:48:29,292 - data_ingestion - INFO -   Page 19 status: 200, time: 0.15s
2025-07-21 17:48:29,293 - data_ingestion - INFO -   Added 20 movies from page 19
2025-07-21 17:48:30,693 - data_ingestion - INFO - Fetching page 20/50...
2025-07-21 17:48:30,853 - data_ingestion - INFO -   Page 20 status: 200, time: 0.16s
2025-07-21 17:48:30,853 - data_ingestion - INFO -   Added 20 movies from page 20
2025-07-21 17:48:31,354 - data_ingestion - INFO - Fetching page 21/50...
2025-07-21 17:48:31,512 - data_ingestion - INFO -   Page 21 status: 200, time: 0.15s
2025-07-21 17:48:31,513 - data_ingestion - INFO -   Added 20 movies from page 21
2025-07-21 17:48:32,113 - data_ingestion - INFO - Fetching page 22/50...
2025-07-21 17:48:32,273 - data_ingestion - INFO -   Page 22 status: 200, time: 0.16s
2025-07-21 17:48:32,274 - data_ingestion - INFO -   Added 20 movies from page 22
2025-07-21 17:48:32,974 - data_ingestion - INFO - Fetching page 23/50...
2025-07-21 17:48:33,130 - data_ingestion - INFO -   Page 23 status: 200, time: 0.15s
2025-07-21 17:48:33,130 - data_ingestion - INFO -   Added 20 movies from page 23
2025-07-21 17:48:33,930 - data_ingestion - INFO - Fetching page 24/50...
2025-07-21 17:48:34,088 - data_ingestion - INFO -   Page 24 status: 200, time: 0.16s
2025-07-21 17:48:34,088 - data_ingestion - INFO -   Added 20 movies from page 24
2025-07-21 17:48:34,989 - data_ingestion - INFO - Fetching page 25/50...
2025-07-21 17:48:35,148 - data_ingestion - INFO -   Page 25 status: 200, time: 0.16s
2025-07-21 17:48:35,148 - data_ingestion - INFO -   Added 20 movies from page 25
2025-07-21 17:48:36,149 - data_ingestion - INFO - Fetching page 26/50...
2025-07-21 17:48:36,308 - data_ingestion - INFO -   Page 26 status: 200, time: 0.15s
2025-07-21 17:48:36,308 - data_ingestion - INFO -   Added 20 movies from page 26
2025-07-21 17:48:37,408 - data_ingestion - INFO - Fetching page 27/50...
2025-07-21 17:48:37,568 - data_ingestion - INFO -   Page 27 status: 200, time: 0.15s
2025-07-21 17:48:37,568 - data_ingestion - INFO -   Added 20 movies from page 27
2025-07-21 17:48:38,768 - data_ingestion - INFO - Fetching page 28/50...
2025-07-21 17:48:38,926 - data_ingestion - INFO -   Page 28 status: 200, time: 0.15s
2025-07-21 17:48:38,927 - data_ingestion - INFO -   Added 20 movies from page 28
2025-07-21 17:48:40,227 - data_ingestion - INFO - Fetching page 29/50...
2025-07-21 17:48:40,422 - data_ingestion - INFO -   Page 29 status: 200, time: 0.19s
2025-07-21 17:48:40,422 - data_ingestion - INFO -   Added 20 movies from page 29
2025-07-21 17:48:41,823 - data_ingestion - INFO - Fetching page 30/50...
2025-07-21 17:48:41,980 - data_ingestion - INFO -   Page 30 status: 200, time: 0.16s
2025-07-21 17:48:41,980 - data_ingestion - INFO -   Added 20 movies from page 30
2025-07-21 17:48:42,480 - data_ingestion - INFO - Fetching page 31/50...
2025-07-21 17:48:42,675 - data_ingestion - INFO -   Page 31 status: 200, time: 0.19s
2025-07-21 17:48:42,675 - data_ingestion - INFO -   Added 20 movies from page 31
2025-07-21 17:48:43,276 - data_ingestion - INFO - Fetching page 32/50...
2025-07-21 17:48:43,432 - data_ingestion - INFO -   Page 32 status: 200, time: 0.15s
2025-07-21 17:48:43,432 - data_ingestion - INFO -   Added 20 movies from page 32
2025-07-21 17:48:44,132 - data_ingestion - INFO - Fetching page 33/50...
2025-07-21 17:48:44,323 - data_ingestion - INFO -   Page 33 status: 200, time: 0.19s
2025-07-21 17:48:44,324 - data_ingestion - INFO -   Added 20 movies from page 33
2025-07-21 17:48:45,124 - data_ingestion - INFO - Fetching page 34/50...
2025-07-21 17:48:45,281 - data_ingestion - INFO -   Page 34 status: 200, time: 0.16s
2025-07-21 17:48:45,281 - data_ingestion - INFO -   Added 20 movies from page 34
2025-07-21 17:48:46,181 - data_ingestion - INFO - Fetching page 35/50...
2025-07-21 17:48:46,341 - data_ingestion - INFO -   Page 35 status: 200, time: 0.16s
2025-07-21 17:48:46,341 - data_ingestion - INFO -   Added 20 movies from page 35
2025-07-21 17:48:47,342 - data_ingestion - INFO - Fetching page 36/50...
2025-07-21 17:48:47,500 - data_ingestion - INFO -   Page 36 status: 200, time: 0.15s
2025-07-21 17:48:47,501 - data_ingestion - INFO -   Added 20 movies from page 36
2025-07-21 17:48:48,601 - data_ingestion - INFO - Fetching page 37/50...
2025-07-21 17:48:48,796 - data_ingestion - INFO -   Page 37 status: 200, time: 0.19s
2025-07-21 17:48:48,796 - data_ingestion - INFO -   Added 20 movies from page 37
2025-07-21 17:48:49,996 - data_ingestion - INFO - Fetching page 38/50...
2025-07-21 17:48:50,154 - data_ingestion - INFO -   Page 38 status: 200, time: 0.16s
2025-07-21 17:48:50,155 - data_ingestion - INFO -   Added 20 movies from page 38
2025-07-21 17:48:51,455 - data_ingestion - INFO - Fetching page 39/50...
2025-07-21 17:48:51,611 - data_ingestion - INFO -   Page 39 status: 200, time: 0.16s
2025-07-21 17:48:51,611 - data_ingestion - INFO -   Added 20 movies from page 39
2025-07-21 17:48:53,012 - data_ingestion - INFO - Fetching page 40/50...
2025-07-21 17:48:53,170 - data_ingestion - INFO -   Page 40 status: 200, time: 0.16s
2025-07-21 17:48:53,171 - data_ingestion - INFO -   Added 20 movies from page 40
2025-07-21 17:48:53,671 - data_ingestion - INFO - Fetching page 41/50...
2025-07-21 17:48:53,831 - data_ingestion - INFO -   Page 41 status: 200, time: 0.16s
2025-07-21 17:48:53,832 - data_ingestion - INFO -   Added 20 movies from page 41
2025-07-21 17:48:54,432 - data_ingestion - INFO - Fetching page 42/50...
2025-07-21 17:48:54,592 - data_ingestion - INFO -   Page 42 status: 200, time: 0.16s
2025-07-21 17:48:54,592 - data_ingestion - INFO -   Added 20 movies from page 42
2025-07-21 17:48:55,292 - data_ingestion - INFO - Fetching page 43/50...
2025-07-21 17:48:55,450 - data_ingestion - INFO -   Page 43 status: 200, time: 0.16s
2025-07-21 17:48:55,450 - data_ingestion - INFO -   Added 20 movies from page 43
2025-07-21 17:48:56,251 - data_ingestion - INFO - Fetching page 44/50...
2025-07-21 17:48:56,409 - data_ingestion - INFO -   Page 44 status: 200, time: 0.16s
2025-07-21 17:48:56,410 - data_ingestion - INFO -   Added 20 movies from page 44
2025-07-21 17:48:57,310 - data_ingestion - INFO - Fetching page 45/50...
2025-07-21 17:48:57,468 - data_ingestion - INFO -   Page 45 status: 200, time: 0.15s
2025-07-21 17:48:57,468 - data_ingestion - INFO -   Added 20 movies from page 45
2025-07-21 17:48:58,469 - data_ingestion - INFO - Fetching page 46/50...
2025-07-21 17:48:58,627 - data_ingestion - INFO -   Page 46 status: 200, time: 0.15s
2025-07-21 17:48:58,627 - data_ingestion - INFO -   Added 20 movies from page 46
2025-07-21 17:48:59,728 - data_ingestion - INFO - Fetching page 47/50...
2025-07-21 17:48:59,888 - data_ingestion - INFO -   Page 47 status: 200, time: 0.16s
2025-07-21 17:48:59,888 - data_ingestion - INFO -   Added 20 movies from page 47
2025-07-21 17:49:01,089 - data_ingestion - INFO - Fetching page 48/50...
2025-07-21 17:49:01,243 - data_ingestion - INFO -   Page 48 status: 200, time: 0.15s
2025-07-21 17:49:01,243 - data_ingestion - INFO -   Added 20 movies from page 48
2025-07-21 17:49:02,544 - data_ingestion - INFO - Fetching page 49/50...
2025-07-21 17:49:02,698 - data_ingestion - INFO -   Page 49 status: 200, time: 0.15s
2025-07-21 17:49:02,698 - data_ingestion - INFO -   Added 20 movies from page 49
2025-07-21 17:49:04,098 - data_ingestion - INFO - Fetching page 50/50...
2025-07-21 17:49:04,258 - data_ingestion - INFO -   Page 50 status: 200, time: 0.15s
2025-07-21 17:49:04,258 - data_ingestion - INFO -   Added 20 movies from page 50
2025-07-21 17:49:04,259 - data_ingestion - INFO - 
Successfully fetched 1000 movies from 50 pages
2025-07-21 17:49:04,263 - data_ingestion - INFO - Removed 15 duplicate movie records
2025-07-21 17:49:04,265 - data_ingestion - INFO - Found 2 invalid date formats - cleaning...
2025-07-21 17:49:04,295 - data_ingestion - INFO - Data stored in DuckDB: data\movies.duckdb
2025-07-21 17:49:04,321 - data_ingestion - INFO - Initial data stored successfully!
2025-07-21 17:49:04,321 - data_ingestion - INFO - Initial data ingestion completed. Exiting.
2025-07-21 19:14:03,440 - data_ingestion - INFO - Fetching 50 pages from TMDB API...
2025-07-21 19:14:03,958 - data_ingestion - INFO - Fetching page 1/50...
2025-07-21 19:14:04,090 - data_ingestion - INFO -   Page 1 status: 200, time: 0.13s
2025-07-21 19:14:04,090 - data_ingestion - INFO -   Added 20 movies from page 1
2025-07-21 19:14:04,691 - data_ingestion - INFO - Fetching page 2/50...
2025-07-21 19:14:04,826 - data_ingestion - INFO -   Page 2 status: 200, time: 0.13s
2025-07-21 19:14:04,826 - data_ingestion - INFO -   Added 20 movies from page 2
2025-07-21 19:14:05,526 - data_ingestion - INFO - Fetching page 3/50...
2025-07-21 19:14:05,661 - data_ingestion - INFO -   Page 3 status: 200, time: 0.13s
2025-07-21 19:14:05,662 - data_ingestion - INFO -   Added 20 movies from page 3
2025-07-21 19:14:06,462 - data_ingestion - INFO - Fetching page 4/50...
2025-07-21 19:14:06,594 - data_ingestion - INFO -   Page 4 status: 200, time: 0.13s
2025-07-21 19:14:06,595 - data_ingestion - INFO -   Added 20 movies from page 4
2025-07-21 19:14:07,495 - data_ingestion - INFO - Fetching page 5/50...
2025-07-21 19:14:07,628 - data_ingestion - INFO -   Page 5 status: 200, time: 0.13s
2025-07-21 19:14:07,629 - data_ingestion - INFO -   Added 20 movies from page 5
2025-07-21 19:14:08,629 - data_ingestion - INFO - Fetching page 6/50...
2025-07-21 19:14:08,761 - data_ingestion - INFO -   Page 6 status: 200, time: 0.13s
2025-07-21 19:14:08,761 - data_ingestion - INFO -   Added 20 movies from page 6
2025-07-21 19:14:09,861 - data_ingestion - INFO - Fetching page 7/50...
2025-07-21 19:14:09,997 - data_ingestion - INFO -   Page 7 status: 200, time: 0.13s
2025-07-21 19:14:09,998 - data_ingestion - INFO -   Added 20 movies from page 7
2025-07-21 19:14:11,198 - data_ingestion - INFO - Fetching page 8/50...
2025-07-21 19:14:11,331 - data_ingestion - INFO -   Page 8 status: 200, time: 0.13s
2025-07-21 19:14:11,332 - data_ingestion - INFO -   Added 20 movies from page 8
2025-07-21 19:14:12,632 - data_ingestion - INFO - Fetching page 9/50...
2025-07-21 19:14:12,882 - data_ingestion - INFO -   Page 9 status: 200, time: 0.25s
2025-07-21 19:14:12,882 - data_ingestion - INFO -   Added 20 movies from page 9
2025-07-21 19:14:14,282 - data_ingestion - INFO - Fetching page 10/50...
2025-07-21 19:14:14,416 - data_ingestion - INFO -   Page 10 status: 200, time: 0.13s
2025-07-21 19:14:14,416 - data_ingestion - INFO -   Added 20 movies from page 10
2025-07-21 19:14:14,917 - data_ingestion - INFO - Fetching page 11/50...
2025-07-21 19:14:15,047 - data_ingestion - INFO -   Page 11 status: 200, time: 0.13s
2025-07-21 19:14:15,048 - data_ingestion - INFO -   Added 20 movies from page 11
2025-07-21 19:14:15,648 - data_ingestion - INFO - Fetching page 12/50...
2025-07-21 19:14:15,898 - data_ingestion - INFO -   Page 12 status: 200, time: 0.25s
2025-07-21 19:14:15,899 - data_ingestion - INFO -   Added 20 movies from page 12
2025-07-21 19:14:16,599 - data_ingestion - INFO - Fetching page 13/50...
2025-07-21 19:14:16,848 - data_ingestion - INFO -   Page 13 status: 200, time: 0.25s
2025-07-21 19:14:16,848 - data_ingestion - INFO -   Added 20 movies from page 13
2025-07-21 19:14:17,649 - data_ingestion - INFO - Fetching page 14/50...
2025-07-21 19:14:17,778 - data_ingestion - INFO -   Page 14 status: 200, time: 0.13s
2025-07-21 19:14:17,778 - data_ingestion - INFO -   Added 20 movies from page 14
2025-07-21 19:14:18,679 - data_ingestion - INFO - Fetching page 15/50...
2025-07-21 19:14:18,815 - data_ingestion - INFO -   Page 15 status: 200, time: 0.14s
2025-07-21 19:14:18,815 - data_ingestion - INFO -   Added 20 movies from page 15
2025-07-21 19:14:19,816 - data_ingestion - INFO - Fetching page 16/50...
2025-07-21 19:14:20,067 - data_ingestion - INFO -   Page 16 status: 200, time: 0.25s
2025-07-21 19:14:20,067 - data_ingestion - INFO -   Added 20 movies from page 16
2025-07-21 19:14:21,168 - data_ingestion - INFO - Fetching page 17/50...
2025-07-21 19:14:21,301 - data_ingestion - INFO -   Page 17 status: 200, time: 0.13s
2025-07-21 19:14:21,302 - data_ingestion - INFO -   Added 20 movies from page 17
2025-07-21 19:14:22,502 - data_ingestion - INFO - Fetching page 18/50...
2025-07-21 19:14:22,753 - data_ingestion - INFO -   Page 18 status: 200, time: 0.25s
2025-07-21 19:14:22,754 - data_ingestion - INFO -   Added 20 movies from page 18
2025-07-21 19:14:24,054 - data_ingestion - INFO - Fetching page 19/50...
2025-07-21 19:14:24,192 - data_ingestion - INFO -   Page 19 status: 200, time: 0.14s
2025-07-21 19:14:24,192 - data_ingestion - INFO -   Added 20 movies from page 19
2025-07-21 19:14:25,593 - data_ingestion - INFO - Fetching page 20/50...
2025-07-21 19:14:25,726 - data_ingestion - INFO -   Page 20 status: 200, time: 0.13s
2025-07-21 19:14:25,726 - data_ingestion - INFO -   Added 20 movies from page 20
2025-07-21 19:14:26,227 - data_ingestion - INFO - Fetching page 21/50...
2025-07-21 19:14:26,359 - data_ingestion - INFO -   Page 21 status: 200, time: 0.13s
2025-07-21 19:14:26,359 - data_ingestion - INFO -   Added 20 movies from page 21
2025-07-21 19:14:26,959 - data_ingestion - INFO - Fetching page 22/50...
2025-07-21 19:14:27,095 - data_ingestion - INFO -   Page 22 status: 200, time: 0.13s
2025-07-21 19:14:27,096 - data_ingestion - INFO -   Added 20 movies from page 22
2025-07-21 19:14:27,796 - data_ingestion - INFO - Fetching page 23/50...
2025-07-21 19:14:27,931 - data_ingestion - INFO -   Page 23 status: 200, time: 0.13s
2025-07-21 19:14:27,931 - data_ingestion - INFO -   Added 20 movies from page 23
2025-07-21 19:14:28,731 - data_ingestion - INFO - Fetching page 24/50...
2025-07-21 19:14:28,863 - data_ingestion - INFO -   Page 24 status: 200, time: 0.13s
2025-07-21 19:14:28,864 - data_ingestion - INFO -   Added 20 movies from page 24
2025-07-21 19:14:29,764 - data_ingestion - INFO - Fetching page 25/50...
2025-07-21 19:14:29,899 - data_ingestion - INFO -   Page 25 status: 200, time: 0.13s
2025-07-21 19:14:29,900 - data_ingestion - INFO -   Added 20 movies from page 25
2025-07-21 19:14:30,900 - data_ingestion - INFO - Fetching page 26/50...
2025-07-21 19:14:31,033 - data_ingestion - INFO -   Page 26 status: 200, time: 0.13s
2025-07-21 19:14:31,034 - data_ingestion - INFO -   Added 20 movies from page 26
2025-07-21 19:14:32,134 - data_ingestion - INFO - Fetching page 27/50...
2025-07-21 19:14:32,266 - data_ingestion - INFO -   Page 27 status: 200, time: 0.13s
2025-07-21 19:14:32,267 - data_ingestion - INFO -   Added 20 movies from page 27
2025-07-21 19:14:33,467 - data_ingestion - INFO - Fetching page 28/50...
2025-07-21 19:14:33,599 - data_ingestion - INFO -   Page 28 status: 200, time: 0.13s
2025-07-21 19:14:33,599 - data_ingestion - INFO -   Added 20 movies from page 28
2025-07-21 19:14:34,900 - data_ingestion - INFO - Fetching page 29/50...
2025-07-21 19:14:35,053 - data_ingestion - INFO -   Page 29 status: 200, time: 0.15s
2025-07-21 19:14:35,053 - data_ingestion - INFO -   Added 20 movies from page 29
2025-07-21 19:14:36,454 - data_ingestion - INFO - Fetching page 30/50...
2025-07-21 19:14:36,585 - data_ingestion - INFO -   Page 30 status: 200, time: 0.13s
2025-07-21 19:14:36,586 - data_ingestion - INFO -   Added 20 movies from page 30
2025-07-21 19:14:37,087 - data_ingestion - INFO - Fetching page 31/50...
2025-07-21 19:14:37,217 - data_ingestion - INFO -   Page 31 status: 200, time: 0.13s
2025-07-21 19:14:37,217 - data_ingestion - INFO -   Added 20 movies from page 31
2025-07-21 19:14:37,818 - data_ingestion - INFO - Fetching page 32/50...
2025-07-21 19:14:37,951 - data_ingestion - INFO -   Page 32 status: 200, time: 0.13s
2025-07-21 19:14:37,951 - data_ingestion - INFO -   Added 20 movies from page 32
2025-07-21 19:14:38,651 - data_ingestion - INFO - Fetching page 33/50...
2025-07-21 19:14:38,789 - data_ingestion - INFO -   Page 33 status: 200, time: 0.14s
2025-07-21 19:14:38,789 - data_ingestion - INFO -   Added 20 movies from page 33
2025-07-21 19:14:39,590 - data_ingestion - INFO - Fetching page 34/50...
2025-07-21 19:14:39,734 - data_ingestion - INFO -   Page 34 status: 200, time: 0.14s
2025-07-21 19:14:39,735 - data_ingestion - INFO -   Added 20 movies from page 34
2025-07-21 19:14:40,635 - data_ingestion - INFO - Fetching page 35/50...
2025-07-21 19:14:40,767 - data_ingestion - INFO -   Page 35 status: 200, time: 0.13s
2025-07-21 19:14:40,767 - data_ingestion - INFO -   Added 20 movies from page 35
2025-07-21 19:14:41,768 - data_ingestion - INFO - Fetching page 36/50...
2025-07-21 19:14:41,901 - data_ingestion - INFO -   Page 36 status: 200, time: 0.13s
2025-07-21 19:14:41,901 - data_ingestion - INFO -   Added 20 movies from page 36
2025-07-21 19:14:43,002 - data_ingestion - INFO - Fetching page 37/50...
2025-07-21 19:14:43,136 - data_ingestion - INFO -   Page 37 status: 200, time: 0.13s
2025-07-21 19:14:43,136 - data_ingestion - INFO -   Added 20 movies from page 37
2025-07-21 19:14:44,337 - data_ingestion - INFO - Fetching page 38/50...
2025-07-21 19:14:44,468 - data_ingestion - INFO -   Page 38 status: 200, time: 0.13s
2025-07-21 19:14:44,469 - data_ingestion - INFO -   Added 20 movies from page 38
2025-07-21 19:14:45,769 - data_ingestion - INFO - Fetching page 39/50...
2025-07-21 19:14:46,017 - data_ingestion - INFO -   Page 39 status: 200, time: 0.25s
2025-07-21 19:14:46,018 - data_ingestion - INFO -   Added 20 movies from page 39
2025-07-21 19:14:47,418 - data_ingestion - INFO - Fetching page 40/50...
2025-07-21 19:14:47,551 - data_ingestion - INFO -   Page 40 status: 200, time: 0.13s
2025-07-21 19:14:47,552 - data_ingestion - INFO -   Added 20 movies from page 40
2025-07-21 19:14:48,052 - data_ingestion - INFO - Fetching page 41/50...
2025-07-21 19:14:48,302 - data_ingestion - INFO -   Page 41 status: 200, time: 0.24s
2025-07-21 19:14:48,303 - data_ingestion - INFO -   Added 20 movies from page 41
2025-07-21 19:14:48,903 - data_ingestion - INFO - Fetching page 42/50...
2025-07-21 19:14:49,036 - data_ingestion - INFO -   Page 42 status: 200, time: 0.13s
2025-07-21 19:14:49,036 - data_ingestion - INFO -   Added 20 movies from page 42
2025-07-21 19:14:49,736 - data_ingestion - INFO - Fetching page 43/50...
2025-07-21 19:14:50,016 - data_ingestion - INFO -   Page 43 status: 200, time: 0.28s
2025-07-21 19:14:50,016 - data_ingestion - INFO -   Added 20 movies from page 43
2025-07-21 19:14:50,817 - data_ingestion - INFO - Fetching page 44/50...
2025-07-21 19:14:50,954 - data_ingestion - INFO -   Page 44 status: 200, time: 0.14s
2025-07-21 19:14:50,954 - data_ingestion - INFO -   Added 20 movies from page 44
2025-07-21 19:14:51,855 - data_ingestion - INFO - Fetching page 45/50...
2025-07-21 19:14:52,104 - data_ingestion - INFO -   Page 45 status: 200, time: 0.24s
2025-07-21 19:14:52,104 - data_ingestion - INFO -   Added 20 movies from page 45
2025-07-21 19:14:53,104 - data_ingestion - INFO - Fetching page 46/50...
2025-07-21 19:14:53,357 - data_ingestion - INFO -   Page 46 status: 200, time: 0.25s
2025-07-21 19:14:53,358 - data_ingestion - INFO -   Added 20 movies from page 46
2025-07-21 19:14:54,458 - data_ingestion - INFO - Fetching page 47/50...
2025-07-21 19:14:54,590 - data_ingestion - INFO -   Page 47 status: 200, time: 0.13s
2025-07-21 19:14:54,590 - data_ingestion - INFO -   Added 20 movies from page 47
2025-07-21 19:14:55,791 - data_ingestion - INFO - Fetching page 48/50...
2025-07-21 19:14:55,923 - data_ingestion - INFO -   Page 48 status: 200, time: 0.13s
2025-07-21 19:14:55,923 - data_ingestion - INFO -   Added 20 movies from page 48
2025-07-21 19:14:57,223 - data_ingestion - INFO - Fetching page 49/50...
2025-07-21 19:14:57,356 - data_ingestion - INFO -   Page 49 status: 200, time: 0.13s
2025-07-21 19:14:57,356 - data_ingestion - INFO -   Added 20 movies from page 49
2025-07-21 19:14:58,757 - data_ingestion - INFO - Fetching page 50/50...
2025-07-21 19:14:58,889 - data_ingestion - INFO -   Page 50 status: 200, time: 0.13s
2025-07-21 19:14:58,889 - data_ingestion - INFO -   Added 20 movies from page 50
2025-07-21 19:14:58,890 - data_ingestion - INFO - 
Successfully fetched 1000 movies from 50 pages
2025-07-21 19:14:58,922 - data_ingestion - INFO - Removed 12 duplicate movie records
2025-07-21 19:14:58,925 - data_ingestion - INFO - Found 2 invalid date formats - cleaning...
2025-07-21 19:14:59,182 - data_ingestion - INFO - Data stored in DuckDB: data\movies.duckdb
2025-07-21 19:14:59,232 - data_ingestion - INFO - Initial data stored successfully!
2025-07-21 19:14:59,232 - data_ingestion - INFO - Initial data ingestion completed. Exiting.
